# JRE version: OpenJDK Runtime Environment Temurin-21.0.9+10 (21.0.9+10) (build 21.0.9+10-LTS)
# Java VM: OpenJDK 64-Bit Server VM Temurin-21.0.9+10 (21.0.9+10-LTS, mixed mode, sharing, tiered, compressed oops, compressed class ptrs, g1 gc, windows-amd64)
GC Precious Log:
 CardTable entry size: 512
 Card Set container configuration: InlinePtr #cards 4 size 8 Array Of Cards #cards 16 size 48 Howl #buckets 8 coarsen threshold 3686 Howl Bitmap #cards 512 size 80 coarsen threshold 460 Card regions per heap region 1 cards per card region 4096
 CPUs: 12 total, 12 available
 Memory: 16109M
 Large Page Support: Disabled
 NUMA Support: Disabled
 Compressed Oops: Enabled (Zero based)
 Heap Region Size: 2M
 Heap Min Capacity: 8M
 Heap Initial Capacity: 252M
 Heap Max Capacity: 4028M
 Pre-touch: Disabled
 Parallel Workers: 10
 Concurrent Workers: 3
 Concurrent Refinement Workers: 10
 Periodic GC: Disabled
Heap:
 garbage-first heap   total 90112K, used 58863K [0x0000000704400000, 0x0000000800000000)
  region size 2048K, 12 young (24576K), 1 survivors (2048K)
 Metaspace       used 100227K, committed 101120K, reserved 1179648K
  class space    used 13263K, committed 13696K, reserved 1048576K
GC Heap History (20 events):
Event: 1791.501 GC heap before
{Heap before GC invocations=163 (full 1):
 garbage-first heap   total 90112K, used 79339K [0x0000000704400000, 0x0000000800000000)
  region size 2048K, 21 young (43008K), 1 survivors (2048K)
 Metaspace       used 100226K, committed 101120K, reserved 1179648K
  class space    used 13263K, committed 13696K, reserved 1048576K
}
Event: 1791.504 GC heap after
{Heap after GC invocations=164 (full 1):
 garbage-first heap   total 90112K, used 40418K [0x0000000704400000, 0x0000000800000000)
  region size 2048K, 1 young (2048K), 1 survivors (2048K)
 Metaspace       used 100226K, committed 101120K, reserved 1179648K
  class space    used 13263K, committed 13696K, reserved 1048576K
}
Event: 1792.011 GC heap before
{Heap before GC invocations=165 (full 1):
 garbage-first heap   total 90112K, used 79330K [0x0000000704400000, 0x0000000800000000)
  region size 2048K, 21 young (43008K), 1 survivors (2048K)
 Metaspace       used 100226K, committed 101120K, reserved 1179648K
  class space    used 13263K, committed 13696K, reserved 1048576K
}
Event: 1792.012 GC heap after
{Heap after GC invocations=166 (full 1):
 garbage-first heap   total 90112K, used 40429K [0x0000000704400000, 0x0000000800000000)
  region size 2048K, 1 young (2048K), 1 survivors (2048K)
 Metaspace       used 100226K, committed 101120K, reserved 1179648K
  class space    used 13263K, committed 13696K, reserved 1048576K
}
Event: 1793.050 GC heap before
{Heap before GC invocations=166 (full 1):
 garbage-first heap   total 90112K, used 79341K [0x0000000704400000, 0x0000000800000000)
  region size 2048K, 21 young (43008K), 1 survivors (2048K)
 Metaspace       used 100226K, committed 101120K, reserved 1179648K
  class space    used 13263K, committed 13696K, reserved 1048576K
}
Event: 1793.053 GC heap after
{Heap after GC invocations=167 (full 1):
 garbage-first heap   total 90112K, used 40411K [0x0000000704400000, 0x0000000800000000)
  region size 2048K, 1 young (2048K), 1 survivors (2048K)
 Metaspace       used 100226K, committed 101120K, reserved 1179648K
  class space    used 13263K, committed 13696K, reserved 1048576K
}
Event: 1801.240 GC heap before
{Heap before GC invocations=168 (full 1):
 garbage-first heap   total 90112K, used 81371K [0x0000000704400000, 0x0000000800000000)
  region size 2048K, 21 young (43008K), 1 survivors (2048K)
 Metaspace       used 100226K, committed 101120K, reserved 1179648K
  class space    used 13263K, committed 13696K, reserved 1048576K
}
Event: 1801.241 GC heap after
{Heap after GC invocations=169 (full 1):
 garbage-first heap   total 90112K, used 40411K [0x0000000704400000, 0x0000000800000000)
  region size 2048K, 1 young (2048K), 1 survivors (2048K)
 Metaspace       used 100226K, committed 101120K, reserved 1179648K
  class space    used 13263K, committed 13696K, reserved 1048576K
}
Event: 1803.278 GC heap before
{Heap before GC invocations=169 (full 1):
 garbage-first heap   total 90112K, used 79323K [0x0000000704400000, 0x0000000800000000)
  region size 2048K, 21 young (43008K), 1 survivors (2048K)
 Metaspace       used 100226K, committed 101120K, reserved 1179648K
  class space    used 13263K, committed 13696K, reserved 1048576K
}
Event: 1803.280 GC heap after
{Heap after GC invocations=170 (full 1):
 garbage-first heap   total 90112K, used 40409K [0x0000000704400000, 0x0000000800000000)
  region size 2048K, 1 young (2048K), 1 survivors (2048K)
 Metaspace       used 100226K, committed 101120K, reserved 1179648K
  class space    used 13263K, committed 13696K, reserved 1048576K
}
Event: 1805.670 GC heap before
{Heap before GC invocations=171 (full 1):
 garbage-first heap   total 90112K, used 79321K [0x0000000704400000, 0x0000000800000000)
  region size 2048K, 21 young (43008K), 1 survivors (2048K)
 Metaspace       used 100226K, committed 101120K, reserved 1179648K
  class space    used 13263K, committed 13696K, reserved 1048576K
}
Event: 1805.671 GC heap after
{Heap after GC invocations=172 (full 1):
 garbage-first heap   total 90112K, used 40422K [0x0000000704400000, 0x0000000800000000)
  region size 2048K, 1 young (2048K), 1 survivors (2048K)
 Metaspace       used 100226K, committed 101120K, reserved 1179648K
  class space    used 13263K, committed 13696K, reserved 1048576K
}
Event: 1814.690 GC heap before
{Heap before GC invocations=172 (full 1):
 garbage-first heap   total 90112K, used 79334K [0x0000000704400000, 0x0000000800000000)
  region size 2048K, 21 young (43008K), 1 survivors (2048K)
 Metaspace       used 100226K, committed 101120K, reserved 1179648K
  class space    used 13263K, committed 13696K, reserved 1048576K
}
Event: 1814.692 GC heap after
{Heap after GC invocations=173 (full 1):
 garbage-first heap   total 90112K, used 40421K [0x0000000704400000, 0x0000000800000000)
  region size 2048K, 1 young (2048K), 1 survivors (2048K)
 Metaspace       used 100226K, committed 101120K, reserved 1179648K
  class space    used 13263K, committed 13696K, reserved 1048576K
}
Event: 1817.678 GC heap before
{Heap before GC invocations=174 (full 1):
 garbage-first heap   total 90112K, used 79333K [0x0000000704400000, 0x0000000800000000)
  region size 2048K, 21 young (43008K), 1 survivors (2048K)
 Metaspace       used 100226K, committed 101120K, reserved 1179648K
  class space    used 13263K, committed 13696K, reserved 1048576K
}
Event: 1817.680 GC heap after
{Heap after GC invocations=175 (full 1):
 garbage-first heap   total 90112K, used 40427K [0x0000000704400000, 0x0000000800000000)
  region size 2048K, 1 young (2048K), 1 survivors (2048K)
 Metaspace       used 100226K, committed 101120K, reserved 1179648K
  class space    used 13263K, committed 13696K, reserved 1048576K
}
Event: 1820.458 GC heap before
{Heap before GC invocations=175 (full 1):
 garbage-first heap   total 90112K, used 79339K [0x0000000704400000, 0x0000000800000000)
  region size 2048K, 21 young (43008K), 1 survivors (2048K)
 Metaspace       used 100226K, committed 101120K, reserved 1179648K
  class space    used 13263K, committed 13696K, reserved 1048576K
}
Event: 1820.460 GC heap after
{Heap after GC invocations=176 (full 1):
 garbage-first heap   total 90112K, used 40421K [0x0000000704400000, 0x0000000800000000)
  region size 2048K, 1 young (2048K), 1 survivors (2048K)
 Metaspace       used 100226K, committed 101120K, reserved 1179648K
  class space    used 13263K, committed 13696K, reserved 1048576K
}
Event: 1827.294 GC heap before
{Heap before GC invocations=177 (full 1):
 garbage-first heap   total 90112K, used 79333K [0x0000000704400000, 0x0000000800000000)
  region size 2048K, 21 young (43008K), 1 survivors (2048K)
 Metaspace       used 100226K, committed 101120K, reserved 1179648K
  class space    used 13263K, committed 13696K, reserved 1048576K
}
Event: 1827.296 GC heap after
{Heap after GC invocations=178 (full 1):
 garbage-first heap   total 90112K, used 40431K [0x0000000704400000, 0x0000000800000000)
  region size 2048K, 1 young (2048K), 1 survivors (2048K)
 Metaspace       used 100226K, committed 101120K, reserved 1179648K
  class space    used 13263K, committed 13696K, reserved 1048576K
}

